<?xml version="1.0" encoding="UTF-8"?>
<testsuite xmlns:xsi="http://www.w3.org/2001/XMLSchema-instance" xsi:noNamespaceSchemaLocation="https://maven.apache.org/surefire/maven-surefire-plugin/xsd/surefire-test-report.xsd" name="tqs.airQuality.controller.RegionControllerTest" time="0.235" tests="5" errors="0" skipped="0" failures="0">
  <properties>
[...]
</properties>
  <testcase name="getRegionByCurrentLocationInCache" classname="tqs.airQuality.controller.RegionControllerTest" time="0.046"/>
  <testcase name="getRegionByCurrentLocationNotInCache" classname="tqs.airQuality.controller.RegionControllerTest" time="0.013"/>
  <testcase name="getRegionByNameNotInCache" classname="tqs.airQuality.controller.RegionControllerTest" time="0.015"/>
  <testcase name="getCacheDetails" classname="tqs.airQuality.controller.RegionControllerTest" time="0.006"/>
  <testcase name="getRegionByNameInCache" classname="tqs.airQuality.controller.RegionControllerTest" time="0.008"/>
</testsuite>